<?xml version="1.0" encoding="UTF-8"?>
<testsuite xmlns:xsi="http://www.w3.org/2001/XMLSchema-instance" xsi:noNamespaceSchemaLocation="https://maven.apache.org/surefire/maven-surefire-plugin/xsd/surefire-test-report-3.0.xsd" version="3.0" name="com.nipundas.microservices.order.OrderServiceApplicationTests" time="45.096" tests="1" errors="0" skipped="0" failures="0">
  <properties>
[...]
</properties>
  <testcase name="contextLoads" classname="com.nipundas.microservices.order.OrderServiceApplicationTests" time="0.664">
    <system-out><![CDATA[14:06:44.187 [main] INFO org.springframework.test.context.support.AnnotationConfigContextLoaderUtils -- Could not detect default configuration classes for test class [com.nipundas.microservices.order.OrderServiceApplicationTests]: OrderServiceApplicationTests does not declare any static, non-private, non-final, nested classes annotated with @Configuration.
14:06:44.390 [main] INFO org.springframework.boot.test.context.SpringBootTestContextBootstrapper -- Found @SpringBootConfiguration com.nipundas.microservices.order.OrderServiceApplication for test class com.nipundas.microservices.order.OrderServiceApplicationTests

  .   ____          _            __ _ _
 /\\ / ___'_ __ _ _(_)_ __  __ _ \ \ \ \
( ( )\___ | '_ | '_| | '_ \/ _` | \ \ \ \
 \\/  ___)| |_)| | | | | || (_| |  ) ) ) )
  '  |____| .__|_| |_|_| |_\__, | / / / /
 =========|_|==============|___/=/_/_/_/
 :: Spring Boot ::                (v3.2.4)

2024-08-30T14:06:45.847+05:30  INFO 21496 --- [order-service] [           main] [                                                 ] c.n.m.o.OrderServiceApplicationTests     : Starting OrderServiceApplicationTests using Java 17.0.12 with PID 21496 (started by nipundas in C:\Users\nipun\Downloads\spring-microservices\order-service)
2024-08-30T14:06:45.855+05:30  INFO 21496 --- [order-service] [           main] [                                                 ] c.n.m.o.OrderServiceApplicationTests     : No active profile set, falling back to 1 default profile: "default"
2024-08-30T14:06:47.911+05:30  INFO 21496 --- [order-service] [           main] [                                                 ] .s.d.r.c.RepositoryConfigurationDelegate : Bootstrapping Spring Data JPA repositories in DEFAULT mode.
2024-08-30T14:06:48.003+05:30  INFO 21496 --- [order-service] [           main] [                                                 ] .s.d.r.c.RepositoryConfigurationDelegate : Finished Spring Data repository scanning in 80 ms. Found 1 JPA repository interface.
2024-08-30T14:06:48.537+05:30  INFO 21496 --- [order-service] [           main] [                                                 ] o.s.cloud.context.scope.GenericScope     : BeanFactory id=beedce10-05a5-34d5-927e-5d17a02b9b65
2024-08-30T14:06:49.580+05:30  INFO 21496 --- [order-service] [           main] [                                                 ] org.testcontainers.images.PullPolicy     : Image pull policy will be performed by: DefaultPullPolicy()
2024-08-30T14:06:49.601+05:30  INFO 21496 --- [order-service] [           main] [                                                 ] o.t.utility.ImageNameSubstitutor         : Image name substitution will be performed by: DefaultImageNameSubstitutor (composite of 'ConfigurationFileImageNameSubstitutor' and 'PrefixingImageNameSubstitutor')
2024-08-30T14:06:50.444+05:30  INFO 21496 --- [order-service] [           main] [                                                 ] o.t.d.DockerClientProviderStrategy       : Loaded org.testcontainers.dockerclient.NpipeSocketClientProviderStrategy from ~/.testcontainers.properties, will try it first
2024-08-30T14:06:51.693+05:30  INFO 21496 --- [order-service] [           main] [                                                 ] o.t.d.DockerClientProviderStrategy       : Found Docker environment with local Npipe socket (npipe:////./pipe/docker_engine)
2024-08-30T14:06:51.697+05:30  INFO 21496 --- [order-service] [           main] [                                                 ] org.testcontainers.DockerClientFactory   : Docker host IP address is localhost
2024-08-30T14:06:51.775+05:30  INFO 21496 --- [order-service] [           main] [                                                 ] org.testcontainers.DockerClientFactory   : Connected to docker: 
  Server Version: 26.1.1
  API Version: 1.45
  Operating System: Docker Desktop
  Total Memory: 3852 MB
2024-08-30T14:06:51.874+05:30  INFO 21496 --- [order-service] [           main] [                                                 ] tc.testcontainers/ryuk:0.6.0             : Creating container for image: testcontainers/ryuk:0.6.0
2024-08-30T14:06:53.447+05:30  INFO 21496 --- [order-service] [           main] [                                                 ] tc.testcontainers/ryuk:0.6.0             : Container testcontainers/ryuk:0.6.0 is starting: 7067c4dde5f042d7533a2a8f6b8765554e8dc8173978c89c33f1c01a69a57e03
2024-08-30T14:06:55.225+05:30  INFO 21496 --- [order-service] [           main] [                                                 ] tc.testcontainers/ryuk:0.6.0             : Container testcontainers/ryuk:0.6.0 started in PT3.3509798S
2024-08-30T14:06:55.236+05:30  INFO 21496 --- [order-service] [           main] [                                                 ] o.t.utility.RyukResourceReaper           : Ryuk started - will monitor and terminate Testcontainers containers on JVM exit
2024-08-30T14:06:55.237+05:30  INFO 21496 --- [order-service] [           main] [                                                 ] org.testcontainers.DockerClientFactory   : Checking the system...
2024-08-30T14:06:55.238+05:30  INFO 21496 --- [order-service] [           main] [                                                 ] org.testcontainers.DockerClientFactory   : ?? Docker server version should be at least 1.6.0
2024-08-30T14:06:55.239+05:30  INFO 21496 --- [order-service] [           main] [                                                 ] tc.postgres:latest                       : Creating container for image: postgres:latest
2024-08-30T14:06:55.352+05:30  INFO 21496 --- [order-service] [           main] [                                                 ] tc.postgres:latest                       : Container postgres:latest is starting: 7a342300ea1b6679f19c0282aa816aec8e6e3746aa6705965002bc903551b670
2024-08-30T14:06:57.911+05:30  INFO 21496 --- [order-service] [           main] [                                                 ] tc.postgres:latest                       : Container postgres:latest started in PT2.6719188S
2024-08-30T14:06:57.911+05:30  INFO 21496 --- [order-service] [           main] [                                                 ] tc.postgres:latest                       : Container is started (JDBC URL: jdbc:postgresql://localhost:49954/test?loggerLevel=OFF)
2024-08-30T14:06:57.916+05:30  INFO 21496 --- [order-service] [           main] [                                                 ] tc.mysql:latest                          : Creating container for image: mysql:latest
2024-08-30T14:06:58.114+05:30  INFO 21496 --- [order-service] [           main] [                                                 ] tc.mysql:latest                          : Container mysql:latest is starting: 7005a21c9c6a57ca23db3d6b85df4a9513bac0f4291d89dde916d5502d50a580
2024-08-30T14:06:58.561+05:30  INFO 21496 --- [order-service] [           main] [                                                 ] tc.mysql:latest                          : Waiting for database connection to become available at jdbc:mysql://localhost:49955/test using query 'SELECT 1'
2024-08-30T14:07:20.675+05:30  INFO 21496 --- [order-service] [           main] [                                                 ] tc.mysql:latest                          : Container mysql:latest started in PT22.7590103S
2024-08-30T14:07:20.676+05:30  INFO 21496 --- [order-service] [           main] [                                                 ] tc.mysql:latest                          : Container is started (JDBC URL: jdbc:mysql://localhost:49955/test)
2024-08-30T14:07:21.102+05:30  INFO 21496 --- [order-service] [           main] [                                                 ] o.f.c.internal.license.VersionPrinter    : Flyway Community Edition 9.22.3 by Redgate
2024-08-30T14:07:21.103+05:30  INFO 21496 --- [order-service] [           main] [                                                 ] o.f.c.internal.license.VersionPrinter    : See release notes here: https://rd.gt/416ObMi
2024-08-30T14:07:21.103+05:30  INFO 21496 --- [order-service] [           main] [                                                 ] o.f.c.internal.license.VersionPrinter    : 
2024-08-30T14:07:21.185+05:30  INFO 21496 --- [order-service] [           main] [                                                 ] org.flywaydb.core.FlywayExecutor         : Database: jdbc:mysql://localhost:49955/test (MySQL 9.0)
2024-08-30T14:07:21.213+05:30  WARN 21496 --- [order-service] [           main] [                                                 ] o.f.c.internal.database.base.Database    : Flyway upgrade recommended: MySQL 9.0 is newer than this version of Flyway and support has not been tested. The latest supported version of MySQL is 8.0.
2024-08-30T14:07:21.250+05:30  INFO 21496 --- [order-service] [           main] [                                                 ] o.f.c.i.s.JdbcTableSchemaHistory         : Schema history table `test`.`flyway_schema_history` does not exist yet
2024-08-30T14:07:21.256+05:30  INFO 21496 --- [order-service] [           main] [                                                 ] o.f.core.internal.command.DbValidate     : Successfully validated 0 migrations (execution time 00:00.023s)
2024-08-30T14:07:21.257+05:30  WARN 21496 --- [order-service] [           main] [                                                 ] o.f.core.internal.command.DbValidate     : No migrations found. Are your locations set up correctly?
2024-08-30T14:07:21.322+05:30  INFO 21496 --- [order-service] [           main] [                                                 ] o.f.c.i.s.JdbcTableSchemaHistory         : Creating Schema History table `test`.`flyway_schema_history` ...
2024-08-30T14:07:21.547+05:30  INFO 21496 --- [order-service] [           main] [                                                 ] o.f.core.internal.command.DbMigrate      : Current version of schema `test`: << Empty Schema >>
2024-08-30T14:07:21.555+05:30  INFO 21496 --- [order-service] [           main] [                                                 ] o.f.core.internal.command.DbMigrate      : Schema `test` is up to date. No migration necessary.
2024-08-30T14:07:21.782+05:30  INFO 21496 --- [order-service] [           main] [                                                 ] o.hibernate.jpa.internal.util.LogHelper  : HHH000204: Processing PersistenceUnitInfo [name: default]
2024-08-30T14:07:21.920+05:30  INFO 21496 --- [order-service] [           main] [                                                 ] org.hibernate.Version                    : HHH000412: Hibernate ORM core version 6.4.4.Final
2024-08-30T14:07:21.978+05:30  INFO 21496 --- [order-service] [           main] [                                                 ] o.h.c.internal.RegionFactoryInitiator    : HHH000026: Second-level cache disabled
2024-08-30T14:07:22.285+05:30  INFO 21496 --- [order-service] [           main] [                                                 ] o.s.o.j.p.SpringPersistenceUnitInfo      : No LoadTimeWeaver setup: ignoring JPA class transformer
2024-08-30T14:07:22.315+05:30  INFO 21496 --- [order-service] [           main] [                                                 ] com.zaxxer.hikari.HikariDataSource       : HikariPool-1 - Starting...
2024-08-30T14:07:22.354+05:30  INFO 21496 --- [order-service] [           main] [                                                 ] com.zaxxer.hikari.pool.HikariPool        : HikariPool-1 - Added connection com.mysql.cj.jdbc.ConnectionImpl@2f1b8770
2024-08-30T14:07:22.356+05:30  INFO 21496 --- [order-service] [           main] [                                                 ] com.zaxxer.hikari.HikariDataSource       : HikariPool-1 - Start completed.
2024-08-30T14:07:23.628+05:30  INFO 21496 --- [order-service] [           main] [                                                 ] o.h.e.t.j.p.i.JtaPlatformInitiator       : HHH000489: No JTA platform available (set 'hibernate.transaction.jta.platform' to enable JTA platform integration)
2024-08-30T14:07:23.631+05:30  INFO 21496 --- [order-service] [           main] [                                                 ] j.LocalContainerEntityManagerFactoryBean : Initialized JPA EntityManagerFactory for persistence unit 'default'
2024-08-30T14:07:25.583+05:30  WARN 21496 --- [order-service] [           main] [                                                 ] JpaBaseConfiguration$JpaWebConfiguration : spring.jpa.open-in-view is enabled by default. Therefore, database queries may be performed during view rendering. Explicitly configure spring.jpa.open-in-view to disable this warning
2024-08-30T14:07:28.195+05:30  INFO 21496 --- [order-service] [           main] [                                                 ] o.s.b.a.e.web.EndpointLinksResolver      : Exposing 24 endpoint(s) beneath base path '/actuator'
2024-08-30T14:07:28.365+05:30  INFO 21496 --- [order-service] [           main] [                                                 ] c.n.m.o.OrderServiceApplicationTests     : Started OrderServiceApplicationTests in 43.743 seconds (process running for 45.645)
]]></system-out>
  </testcase>
</testsuite>